Grammar

    0 $accept: comando $end

    1 comando: expr ENTER

    2 expr: NUM
    3     | expr MAIS expr
    4     | expr MENOS expr
    5     | expr VEZES expr
    6     | expr DIVISAO expr


Terminals, with rules where they appear

    $end (0) 0
    error (256)
    NUM (258) 2
    MAIS (259) 3
    MENOS (260) 4
    ENTER (261) 1
    VEZES (262) 5
    DIVISAO (263) 6


Nonterminals, with rules where they appear

    $accept (9)
        on left: 0
    comando (10)
        on left: 1
        on right: 0
    expr (11)
        on left: 2 3 4 5 6
        on right: 1 3 4 5 6


State 0

    0 $accept: . comando $end

    NUM  shift, and go to state 1

    comando  go to state 2
    expr     go to state 3


State 1

    2 expr: NUM .

    $default  reduce using rule 2 (expr)


State 2

    0 $accept: comando . $end

    $end  shift, and go to state 4


State 3

    1 comando: expr . ENTER
    3 expr: expr . MAIS expr
    4     | expr . MENOS expr
    5     | expr . VEZES expr
    6     | expr . DIVISAO expr

    MAIS     shift, and go to state 5
    MENOS    shift, and go to state 6
    ENTER    shift, and go to state 7
    VEZES    shift, and go to state 8
    DIVISAO  shift, and go to state 9


State 4

    0 $accept: comando $end .

    $default  accept


State 5

    3 expr: expr MAIS . expr

    NUM  shift, and go to state 1

    expr  go to state 10


State 6

    4 expr: expr MENOS . expr

    NUM  shift, and go to state 1

    expr  go to state 11


State 7

    1 comando: expr ENTER .

    $default  reduce using rule 1 (comando)


State 8

    5 expr: expr VEZES . expr

    NUM  shift, and go to state 1

    expr  go to state 12


State 9

    6 expr: expr DIVISAO . expr

    NUM  shift, and go to state 1

    expr  go to state 13


State 10

    3 expr: expr . MAIS expr
    3     | expr MAIS expr .
    4     | expr . MENOS expr
    5     | expr . VEZES expr
    6     | expr . DIVISAO expr

    $default  reduce using rule 3 (expr)


State 11

    3 expr: expr . MAIS expr
    4     | expr . MENOS expr
    4     | expr MENOS expr .
    5     | expr . VEZES expr
    6     | expr . DIVISAO expr

    $default  reduce using rule 4 (expr)


State 12

    3 expr: expr . MAIS expr
    4     | expr . MENOS expr
    5     | expr . VEZES expr
    5     | expr VEZES expr .
    6     | expr . DIVISAO expr

    $default  reduce using rule 5 (expr)


State 13

    3 expr: expr . MAIS expr
    4     | expr . MENOS expr
    5     | expr . VEZES expr
    6     | expr . DIVISAO expr
    6     | expr DIVISAO expr .

    $default  reduce using rule 6 (expr)
